Performing C++ SOURCE FILE Test CMAKE_HAVE_LIBC_PTHREAD failed with the following output:
Change Dir: E:/Vscode_elementsEdit/elements/build/CMakeFiles/CMakeTmp

Run Build Command(s):D:/Program/Microsoft Visual Studio/2022/Professional/MSBuild/Current/Bin/amd64/MSBuild.exe cmTC_0fb0d.vcxproj /p:Configuration=Debug /p:Platform=x64 /p:VisualStudioVersion=17.0 /v:m && MSBuild version 17.4.0+18d5aef85 for .NET Framework
  用于 x64 的 Microsoft (R) C/C++ 优化编译器 19.34.31933 版
  src.cxx
  版权所有(C) Microsoft Corporation。保留所有权利。
  cl /c /Zi /W3 /WX- /diagnostics:column /Od /Ob0 /D _MBCS /D WIN32 /D _WINDOWS /D CMAKE_HAVE_LIBC_PTHREAD /D "CMAKE_INTDIR=\"Debug\"" /Gm- /EHsc /RTC1 /MDd /GS /fp:precise /Zc:wchar_t /Zc:forScope /Zc:inline /GR /std:c++17 /Fo"cmTC_0fb0d.dir\Debug\\" /Fd"cmTC_0fb0d.dir\Debug\vc143.pdb" /external:W3 /Gd /TP /errorReport:queue E:\Vscode_elementsEdit\elements\build\CMakeFiles\CMakeTmp\src.cxx
E:\Vscode_elementsEdit\elements\build\CMakeFiles\CMakeTmp\src.cxx(1,10): fatal  error C1083: 无法打开包括文件: “pthread.h”: No such file or directory [E:\Vscode_elementsEdit\elements\build\CMakeFiles\CMakeTmp\cmTC_0fb0d.vcxproj]


Source file was:
#include <pthread.h>

static void* test_func(void* data)
{
  return data;
}

int main(void)
{
  pthread_t thread;
  pthread_create(&thread, NULL, test_func, NULL);
  pthread_detach(thread);
  pthread_cancel(thread);
  pthread_join(thread, NULL);
  pthread_atfork(NULL, NULL, NULL);
  pthread_exit(NULL);

  return 0;
}

Determining if the function pthread_create exists in the pthreads failed with the following output:
Change Dir: E:/Vscode_elementsEdit/elements/build/CMakeFiles/CMakeTmp

Run Build Command(s):D:/Program/Microsoft Visual Studio/2022/Professional/MSBuild/Current/Bin/amd64/MSBuild.exe cmTC_bc504.vcxproj /p:Configuration=Debug /p:Platform=x64 /p:VisualStudioVersion=17.0 /v:m && MSBuild version 17.4.0+18d5aef85 for .NET Framework
  用于 x64 的 Microsoft (R) C/C++ 优化编译器 19.34.31933 版
  CheckFunctionExists.cxx
  版权所有(C) Microsoft Corporation。保留所有权利。
  cl /c /Zi /W3 /WX- /diagnostics:column /Od /Ob0 /D _MBCS /D WIN32 /D _WINDOWS /D CHECK_FUNCTION_EXISTS=pthread_create /D "CMAKE_INTDIR=\"Debug\"" /Gm- /EHsc /RTC1 /MDd /GS /fp:precise /Zc:wchar_t /Zc:forScope /Zc:inline /GR /std:c++17 /Fo"cmTC_bc504.dir\Debug\\" /Fd"cmTC_bc504.dir\Debug\vc143.pdb" /external:W3 /Gd /TP /errorReport:queue E:\Vscode_elementsEdit\elements\build\CMakeFiles\CheckLibraryExists\CheckFunctionExists.cxx
LINK : fatal error LNK1104: 无法打开文件“pthreads.lib” [E:\Vscode_elementsEdit\elements\build\CMakeFiles\CMakeTmp\cmTC_bc504.vcxproj]



Determining if the function pthread_create exists in the pthread failed with the following output:
Change Dir: E:/Vscode_elementsEdit/elements/build/CMakeFiles/CMakeTmp

Run Build Command(s):D:/Program/Microsoft Visual Studio/2022/Professional/MSBuild/Current/Bin/amd64/MSBuild.exe cmTC_2a75f.vcxproj /p:Configuration=Debug /p:Platform=x64 /p:VisualStudioVersion=17.0 /v:m && MSBuild version 17.4.0+18d5aef85 for .NET Framework
  用于 x64 的 Microsoft (R) C/C++ 优化编译器 19.34.31933 版
  CheckFunctionExists.cxx
  版权所有(C) Microsoft Corporation。保留所有权利。
  cl /c /Zi /W3 /WX- /diagnostics:column /Od /Ob0 /D _MBCS /D WIN32 /D _WINDOWS /D CHECK_FUNCTION_EXISTS=pthread_create /D "CMAKE_INTDIR=\"Debug\"" /Gm- /EHsc /RTC1 /MDd /GS /fp:precise /Zc:wchar_t /Zc:forScope /Zc:inline /GR /std:c++17 /Fo"cmTC_2a75f.dir\Debug\\" /Fd"cmTC_2a75f.dir\Debug\vc143.pdb" /external:W3 /Gd /TP /errorReport:queue E:\Vscode_elementsEdit\elements\build\CMakeFiles\CheckLibraryExists\CheckFunctionExists.cxx
LINK : fatal error LNK1104: 无法打开文件“pthread.lib” [E:\Vscode_elementsEdit\elements\build\CMakeFiles\CMakeTmp\cmTC_2a75f.vcxproj]



